
> auth-service@1.0.0 build
> tsc -p tsconfig.json

src/auth/auth.service.ts(67,34): error TS2769: No overload matches this call.
  Overload 1 of 5, '(payload: string | object | Buffer<ArrayBufferLike>, secretOrPrivateKey: null, options?: (SignOptions & { algorithm: "none"; }) | undefined): string', gave the following error.
    Argument of type 'string' is not assignable to parameter of type 'null'.
  Overload 2 of 5, '(payload: string | object | Buffer<ArrayBufferLike>, secretOrPrivateKey: Buffer<ArrayBufferLike> | Secret | PrivateKeyInput | JsonWebKeyInput, options?: SignOptions | undefined): string', gave the following error.
    Type 'string' is not assignable to type 'number | StringValue | undefined'.
  Overload 3 of 5, '(payload: string | object | Buffer<ArrayBufferLike>, secretOrPrivateKey: Buffer<ArrayBufferLike> | Secret | PrivateKeyInput | JsonWebKeyInput, callback: SignCallback): void', gave the following error.
    Object literal may only specify known properties, and 'expiresIn' does not exist in type 'SignCallback'.
src/auth/auth.service.ts(76,20): error TS2352: Conversion of type 'string | JwtPayload' to type 'JwtPayload' may be a mistake because neither type sufficiently overlaps with the other. If this was intentional, convert the expression to 'unknown' first.
  Type 'JwtPayload' is missing the following properties from type 'JwtPayload': email, role
npm error Lifecycle script `build` failed with error:
npm error code 2
npm error path C:\Users\kamol\OneDrive\Desktop\lms\services\auth-service
npm error workspace auth-service@1.0.0
npm error location C:\Users\kamol\OneDrive\Desktop\lms\services\auth-service
npm error command failed
npm error command C:\WINDOWS\system32\cmd.exe /d /s /c tsc -p tsconfig.json
